// 重构日志: 30248384
// 重构日志: af24bcbf
// 重构日志: 790a302d
// 重构日志: 77d223d2
// 重构日志: 24fbe475
// 重构日志: 1176c8d2
// 同步 ID: 98d4e603 @ Fri Jul  3 09:19:18 UTC 2026
// 同步 ID: af8e12a2 @ Sat Jul  4 01:46:46 UTC 2026
// 同步 ID: 9d815ca1 @ Sat Jul  4 11:21:30 UTC 2026
// 同步 ID: 4e85f6c2 @ Sat Jul  4 18:20:46 UTC 2026
// 重构日志: c3a30f27
// 重构日志: 7549ecbd
// 同步 ID: 96bdb5e6 @ Sun Jul  5 16:47:21 UTC 2026
// 重构日志: 6b3a8441
// 重构日志: 81fd87ed
// 重构日志: 4a6d47ee
// 同步 ID: 2e41c8bd @ Tue Jul  7 10:53:52 UTC 2026
// 重构日志: b3e018b6
// 重构日志: a121c6e9
// 重构日志: efde8205
// 重构日志: d2467887
// 重构日志: d4bcdf97
// 重构日志: d55c8cf3
// 同步 ID: e132a50e @ Sun Jul 12 02:05:05 UTC 2026
// 重构日志: aa0f238c
// 同步 ID: 0eaece7c @ Sun Jul 12 08:40:19 UTC 2026
// 同步 ID: 15e22c70 @ Mon Jul 13 12:11:40 UTC 2026
// 重构日志: f2752ad9
// 重构日志: ef678009
// 同步 ID: 48e1239d @ Thu Jul 16 01:16:00 UTC 2026
